
/home/runner/work/exp-outage-probability-iiith/exp-outage-probability-iiith/experiment/simulation/js/main.js
    2:32  warning  'chartStatsPanel' is assigned a value but never used           no-unused-vars
    3:71  warning  'analysisOutputsContainer' is assigned a value but never used  no-unused-vars
   97:1   warning  Irregular whitespace not allowed                               no-irregular-whitespace
   98:1   warning  Irregular whitespace not allowed                               no-irregular-whitespace
   99:1   warning  Irregular whitespace not allowed                               no-irregular-whitespace
  100:1   warning  Irregular whitespace not allowed                               no-irregular-whitespace
  101:1   warning  Irregular whitespace not allowed                               no-irregular-whitespace
  101:3   warning  Irregular whitespace not allowed                               no-irregular-whitespace
  102:1   warning  Irregular whitespace not allowed                               no-irregular-whitespace
  102:3   warning  Irregular whitespace not allowed                               no-irregular-whitespace
  103:1   warning  Irregular whitespace not allowed                               no-irregular-whitespace
  103:3   warning  Irregular whitespace not allowed                               no-irregular-whitespace
  104:1   warning  Irregular whitespace not allowed                               no-irregular-whitespace
  104:3   warning  Irregular whitespace not allowed                               no-irregular-whitespace
  105:1   warning  Irregular whitespace not allowed                               no-irregular-whitespace
  105:3   warning  Irregular whitespace not allowed                               no-irregular-whitespace
  106:1   warning  Irregular whitespace not allowed                               no-irregular-whitespace
  107:1   warning  Irregular whitespace not allowed                               no-irregular-whitespace
  107:3   warning  Irregular whitespace not allowed                               no-irregular-whitespace
  108:1   warning  Irregular whitespace not allowed                               no-irregular-whitespace
  108:3   warning  Irregular whitespace not allowed                               no-irregular-whitespace
  109:1   warning  Irregular whitespace not allowed                               no-irregular-whitespace
  109:3   warning  Irregular whitespace not allowed                               no-irregular-whitespace
  110:1   warning  Irregular whitespace not allowed                               no-irregular-whitespace
  110:3   warning  Irregular whitespace not allowed                               no-irregular-whitespace
  111:1   warning  Irregular whitespace not allowed                               no-irregular-whitespace
  142:1   warning  'updatePathlossAndMetrics' is a function                       no-func-assign
  143:1   warning  Irregular whitespace not allowed                               no-irregular-whitespace
  144:1   warning  Irregular whitespace not allowed                               no-irregular-whitespace
  145:1   warning  Irregular whitespace not allowed                               no-irregular-whitespace
  145:3   warning  Irregular whitespace not allowed                               no-irregular-whitespace
  146:1   warning  Irregular whitespace not allowed                               no-irregular-whitespace
  167:1   warning  Irregular whitespace not allowed                               no-irregular-whitespace
  167:3   warning  Irregular whitespace not allowed                               no-irregular-whitespace
  168:1   warning  Irregular whitespace not allowed                               no-irregular-whitespace
  168:3   warning  Irregular whitespace not allowed                               no-irregular-whitespace
  169:1   warning  Irregular whitespace not allowed                               no-irregular-whitespace
  169:3   warning  Irregular whitespace not allowed                               no-irregular-whitespace
  170:1   warning  Irregular whitespace not allowed                               no-irregular-whitespace
  170:3   warning  Irregular whitespace not allowed                               no-irregular-whitespace
  171:1   warning  Irregular whitespace not allowed                               no-irregular-whitespace
  171:3   warning  Irregular whitespace not allowed                               no-irregular-whitespace
  172:1   warning  Irregular whitespace not allowed                               no-irregular-whitespace
  172:3   warning  Irregular whitespace not allowed                               no-irregular-whitespace
  176:1   warning  Irregular whitespace not allowed                               no-irregular-whitespace
  176:48  warning  Irregular whitespace not allowed                               no-irregular-whitespace
  176:50  warning  Irregular whitespace not allowed                               no-irregular-whitespace
  177:1   warning  Irregular whitespace not allowed                               no-irregular-whitespace
  178:1   warning  Irregular whitespace not allowed                               no-irregular-whitespace
  178:47  warning  Irregular whitespace not allowed                               no-irregular-whitespace
  178:49  warning  Irregular whitespace not allowed                               no-irregular-whitespace
  178:51  warning  Irregular whitespace not allowed                               no-irregular-whitespace
  194:1   warning  Irregular whitespace not allowed                               no-irregular-whitespace
  195:1   warning  Irregular whitespace not allowed                               no-irregular-whitespace
  196:1   warning  Irregular whitespace not allowed                               no-irregular-whitespace
  197:1   warning  Irregular whitespace not allowed                               no-irregular-whitespace
  198:1   warning  Irregular whitespace not allowed                               no-irregular-whitespace
  198:3   warning  Irregular whitespace not allowed                               no-irregular-whitespace
  199:1   warning  Irregular whitespace not allowed                               no-irregular-whitespace
  199:3   warning  Irregular whitespace not allowed                               no-irregular-whitespace
  200:1   warning  Irregular whitespace not allowed                               no-irregular-whitespace
  200:3   warning  Irregular whitespace not allowed                               no-irregular-whitespace
  200:5   warning  Irregular whitespace not allowed                               no-irregular-whitespace
  201:1   warning  Irregular whitespace not allowed                               no-irregular-whitespace
  201:3   warning  Irregular whitespace not allowed                               no-irregular-whitespace
  201:5   warning  Irregular whitespace not allowed                               no-irregular-whitespace
  202:1   warning  Irregular whitespace not allowed                               no-irregular-whitespace
  202:3   warning  Irregular whitespace not allowed                               no-irregular-whitespace
  202:5   warning  Irregular whitespace not allowed                               no-irregular-whitespace
  203:1   warning  Irregular whitespace not allowed                               no-irregular-whitespace
  203:3   warning  Irregular whitespace not allowed                               no-irregular-whitespace
  203:5   warning  Irregular whitespace not allowed                               no-irregular-whitespace
  205:1   warning  Irregular whitespace not allowed                               no-irregular-whitespace
  205:3   warning  Irregular whitespace not allowed                               no-irregular-whitespace
  205:5   warning  Irregular whitespace not allowed                               no-irregular-whitespace
  206:1   warning  Irregular whitespace not allowed                               no-irregular-whitespace
  206:3   warning  Irregular whitespace not allowed                               no-irregular-whitespace
  206:5   warning  Irregular whitespace not allowed                               no-irregular-whitespace
  206:7   warning  Irregular whitespace not allowed                               no-irregular-whitespace
  207:1   warning  Irregular whitespace not allowed                               no-irregular-whitespace
  207:3   warning  Irregular whitespace not allowed                               no-irregular-whitespace
  207:5   warning  Irregular whitespace not allowed                               no-irregular-whitespace
  209:1   warning  Irregular whitespace not allowed                               no-irregular-whitespace
  209:3   warning  Irregular whitespace not allowed                               no-irregular-whitespace
  209:5   warning  Irregular whitespace not allowed                               no-irregular-whitespace
  210:1   warning  Irregular whitespace not allowed                               no-irregular-whitespace
  210:3   warning  Irregular whitespace not allowed                               no-irregular-whitespace
  210:5   warning  Irregular whitespace not allowed                               no-irregular-whitespace
  211:1   warning  Irregular whitespace not allowed                               no-irregular-whitespace
  211:3   warning  Irregular whitespace not allowed                               no-irregular-whitespace
  211:5   warning  Irregular whitespace not allowed                               no-irregular-whitespace
  211:7   warning  Irregular whitespace not allowed                               no-irregular-whitespace
  212:1   warning  Irregular whitespace not allowed                               no-irregular-whitespace
  212:3   warning  Irregular whitespace not allowed                               no-irregular-whitespace
  212:5   warning  Irregular whitespace not allowed                               no-irregular-whitespace
  212:7   warning  Irregular whitespace not allowed                               no-irregular-whitespace
  213:1   warning  Irregular whitespace not allowed                               no-irregular-whitespace
  213:3   warning  Irregular whitespace not allowed                               no-irregular-whitespace
  213:5   warning  Irregular whitespace not allowed                               no-irregular-whitespace
  213:7   warning  Irregular whitespace not allowed                               no-irregular-whitespace
  214:1   warning  Irregular whitespace not allowed                               no-irregular-whitespace
  214:3   warning  Irregular whitespace not allowed                               no-irregular-whitespace
  214:5   warning  Irregular whitespace not allowed                               no-irregular-whitespace
  214:7   warning  Irregular whitespace not allowed                               no-irregular-whitespace
  215:1   warning  Irregular whitespace not allowed                               no-irregular-whitespace
  215:3   warning  Irregular whitespace not allowed                               no-irregular-whitespace
  215:5   warning  Irregular whitespace not allowed                               no-irregular-whitespace
  215:7   warning  Irregular whitespace not allowed                               no-irregular-whitespace
  216:1   warning  Irregular whitespace not allowed                               no-irregular-whitespace
  216:3   warning  Irregular whitespace not allowed                               no-irregular-whitespace
  216:5   warning  Irregular whitespace not allowed                               no-irregular-whitespace
  216:7   warning  Irregular whitespace not allowed                               no-irregular-whitespace
  217:1   warning  Irregular whitespace not allowed                               no-irregular-whitespace
  217:3   warning  Irregular whitespace not allowed                               no-irregular-whitespace
  217:5   warning  Irregular whitespace not allowed                               no-irregular-whitespace
  217:7   warning  Irregular whitespace not allowed                               no-irregular-whitespace
  218:1   warning  Irregular whitespace not allowed                               no-irregular-whitespace
  218:3   warning  Irregular whitespace not allowed                               no-irregular-whitespace
  218:5   warning  Irregular whitespace not allowed                               no-irregular-whitespace
  218:7   warning  Irregular whitespace not allowed                               no-irregular-whitespace
  219:1   warning  Irregular whitespace not allowed                               no-irregular-whitespace
  219:3   warning  Irregular whitespace not allowed                               no-irregular-whitespace
  219:5   warning  Irregular whitespace not allowed                               no-irregular-whitespace
  219:7   warning  Irregular whitespace not allowed                               no-irregular-whitespace
  220:1   warning  Irregular whitespace not allowed                               no-irregular-whitespace
  220:3   warning  Irregular whitespace not allowed                               no-irregular-whitespace
  220:5   warning  Irregular whitespace not allowed                               no-irregular-whitespace
  220:7   warning  Irregular whitespace not allowed                               no-irregular-whitespace
  221:1   warning  Irregular whitespace not allowed                               no-irregular-whitespace
  221:3   warning  Irregular whitespace not allowed                               no-irregular-whitespace
  221:5   warning  Irregular whitespace not allowed                               no-irregular-whitespace
  221:7   warning  Irregular whitespace not allowed                               no-irregular-whitespace
  222:1   warning  Irregular whitespace not allowed                               no-irregular-whitespace
  222:3   warning  Irregular whitespace not allowed                               no-irregular-whitespace
  222:5   warning  Irregular whitespace not allowed                               no-irregular-whitespace
  222:7   warning  Irregular whitespace not allowed                               no-irregular-whitespace
  223:1   warning  Irregular whitespace not allowed                               no-irregular-whitespace
  223:3   warning  Irregular whitespace not allowed                               no-irregular-whitespace
  223:5   warning  Irregular whitespace not allowed                               no-irregular-whitespace
  223:7   warning  Irregular whitespace not allowed                               no-irregular-whitespace
  224:1   warning  Irregular whitespace not allowed                               no-irregular-whitespace
  224:3   warning  Irregular whitespace not allowed                               no-irregular-whitespace
  224:5   warning  Irregular whitespace not allowed                               no-irregular-whitespace
  224:7   warning  Irregular whitespace not allowed                               no-irregular-whitespace
  225:1   warning  Irregular whitespace not allowed                               no-irregular-whitespace
  225:3   warning  Irregular whitespace not allowed                               no-irregular-whitespace
  225:5   warning  Irregular whitespace not allowed                               no-irregular-whitespace
  227:1   warning  Irregular whitespace not allowed                               no-irregular-whitespace
  227:3   warning  Irregular whitespace not allowed                               no-irregular-whitespace
  227:5   warning  Irregular whitespace not allowed                               no-irregular-whitespace
  228:1   warning  Irregular whitespace not allowed                               no-irregular-whitespace
  228:3   warning  Irregular whitespace not allowed                               no-irregular-whitespace
  228:5   warning  Irregular whitespace not allowed                               no-irregular-whitespace
  229:1   warning  Irregular whitespace not allowed                               no-irregular-whitespace
  229:3   warning  Irregular whitespace not allowed                               no-irregular-whitespace
  229:5   warning  Irregular whitespace not allowed                               no-irregular-whitespace
  229:7   warning  Irregular whitespace not allowed                               no-irregular-whitespace
  230:1   warning  Irregular whitespace not allowed                               no-irregular-whitespace
  230:3   warning  Irregular whitespace not allowed                               no-irregular-whitespace
  230:5   warning  Irregular whitespace not allowed                               no-irregular-whitespace
  230:7   warning  Irregular whitespace not allowed                               no-irregular-whitespace
  230:9   warning  Irregular whitespace not allowed                               no-irregular-whitespace
  231:1   warning  Irregular whitespace not allowed                               no-irregular-whitespace
  231:3   warning  Irregular whitespace not allowed                               no-irregular-whitespace
  231:5   warning  Irregular whitespace not allowed                               no-irregular-whitespace
  231:7   warning  Irregular whitespace not allowed                               no-irregular-whitespace
  232:1   warning  Irregular whitespace not allowed                               no-irregular-whitespace
  232:3   warning  Irregular whitespace not allowed                               no-irregular-whitespace
  232:5   warning  Irregular whitespace not allowed                               no-irregular-whitespace
  233:1   warning  Irregular whitespace not allowed                               no-irregular-whitespace
  233:3   warning  Irregular whitespace not allowed                               no-irregular-whitespace
  233:5   warning  Irregular whitespace not allowed                               no-irregular-whitespace
  234:1   warning  Irregular whitespace not allowed                               no-irregular-whitespace
  234:3   warning  Irregular whitespace not allowed                               no-irregular-whitespace
  234:5   warning  Irregular whitespace not allowed                               no-irregular-whitespace
  235:1   warning  Irregular whitespace not allowed                               no-irregular-whitespace
  235:3   warning  Irregular whitespace not allowed                               no-irregular-whitespace
  236:1   warning  Irregular whitespace not allowed                               no-irregular-whitespace
  241:1   warning  Irregular whitespace not allowed                               no-irregular-whitespace
  242:1   warning  Irregular whitespace not allowed                               no-irregular-whitespace
  243:1   warning  Irregular whitespace not allowed                               no-irregular-whitespace
  247:1   warning  Irregular whitespace not allowed                               no-irregular-whitespace
  248:1   warning  Irregular whitespace not allowed                               no-irregular-whitespace
  249:1   warning  Irregular whitespace not allowed                               no-irregular-whitespace
  249:3   warning  Irregular whitespace not allowed                               no-irregular-whitespace
  250:1   warning  Irregular whitespace not allowed                               no-irregular-whitespace
  250:3   warning  Irregular whitespace not allowed                               no-irregular-whitespace
  251:1   warning  Irregular whitespace not allowed                               no-irregular-whitespace
  251:3   warning  Irregular whitespace not allowed                               no-irregular-whitespace
  254:1   warning  Irregular whitespace not allowed                               no-irregular-whitespace
  255:1   warning  Irregular whitespace not allowed                               no-irregular-whitespace
  255:3   warning  Irregular whitespace not allowed                               no-irregular-whitespace
  256:1   warning  Irregular whitespace not allowed                               no-irregular-whitespace
  256:3   warning  Irregular whitespace not allowed                               no-irregular-whitespace
  257:1   warning  Irregular whitespace not allowed                               no-irregular-whitespace
  257:3   warning  Irregular whitespace not allowed                               no-irregular-whitespace
  258:1   warning  Irregular whitespace not allowed                               no-irregular-whitespace
  258:3   warning  Irregular whitespace not allowed                               no-irregular-whitespace
  259:1   warning  Irregular whitespace not allowed                               no-irregular-whitespace
  259:3   warning  Irregular whitespace not allowed                               no-irregular-whitespace
  260:1   warning  Irregular whitespace not allowed                               no-irregular-whitespace
  265:1   warning  Irregular whitespace not allowed                               no-irregular-whitespace
  266:1   warning  Irregular whitespace not allowed                               no-irregular-whitespace
  270:1   warning  Irregular whitespace not allowed                               no-irregular-whitespace
  271:1   warning  Irregular whitespace not allowed                               no-irregular-whitespace
  272:1   warning  Irregular whitespace not allowed                               no-irregular-whitespace
  273:1   warning  Irregular whitespace not allowed                               no-irregular-whitespace
  277:1   warning  Irregular whitespace not allowed                               no-irregular-whitespace
  277:3   warning  Irregular whitespace not allowed                               no-irregular-whitespace
  278:1   warning  Irregular whitespace not allowed                               no-irregular-whitespace
  278:3   warning  Irregular whitespace not allowed                               no-irregular-whitespace
  279:1   warning  Irregular whitespace not allowed                               no-irregular-whitespace
  279:3   warning  Irregular whitespace not allowed                               no-irregular-whitespace
  280:1   warning  Irregular whitespace not allowed                               no-irregular-whitespace
  280:3   warning  Irregular whitespace not allowed                               no-irregular-whitespace
  281:1   warning  Irregular whitespace not allowed                               no-irregular-whitespace
  281:3   warning  Irregular whitespace not allowed                               no-irregular-whitespace
  282:1   warning  Irregular whitespace not allowed                               no-irregular-whitespace
  282:3   warning  Irregular whitespace not allowed                               no-irregular-whitespace
  283:1   warning  Irregular whitespace not allowed                               no-irregular-whitespace
  283:3   warning  Irregular whitespace not allowed                               no-irregular-whitespace
  284:1   warning  Irregular whitespace not allowed                               no-irregular-whitespace
  284:3   warning  Irregular whitespace not allowed                               no-irregular-whitespace
  286:1   warning  Irregular whitespace not allowed                               no-irregular-whitespace
  286:3   warning  Irregular whitespace not allowed                               no-irregular-whitespace
  287:1   warning  Irregular whitespace not allowed                               no-irregular-whitespace
  287:3   warning  Irregular whitespace not allowed                               no-irregular-whitespace
  288:1   warning  Irregular whitespace not allowed                               no-irregular-whitespace
  288:3   warning  Irregular whitespace not allowed                               no-irregular-whitespace
  289:1   warning  Irregular whitespace not allowed                               no-irregular-whitespace
  289:3   warning  Irregular whitespace not allowed                               no-irregular-whitespace
  290:1   warning  Irregular whitespace not allowed                               no-irregular-whitespace
  290:3   warning  Irregular whitespace not allowed                               no-irregular-whitespace
  291:1   warning  Irregular whitespace not allowed                               no-irregular-whitespace
  291:3   warning  Irregular whitespace not allowed                               no-irregular-whitespace
  292:1   warning  Irregular whitespace not allowed                               no-irregular-whitespace
  292:3   warning  Irregular whitespace not allowed                               no-irregular-whitespace
  293:1   warning  Irregular whitespace not allowed                               no-irregular-whitespace
  293:3   warning  Irregular whitespace not allowed                               no-irregular-whitespace
  295:1   warning  Irregular whitespace not allowed                               no-irregular-whitespace
  295:3   warning  Irregular whitespace not allowed                               no-irregular-whitespace
  296:1   warning  Irregular whitespace not allowed                               no-irregular-whitespace
  296:3   warning  Irregular whitespace not allowed                               no-irregular-whitespace
  297:1   warning  Irregular whitespace not allowed                               no-irregular-whitespace
  297:3   warning  Irregular whitespace not allowed                               no-irregular-whitespace
  298:1   warning  Irregular whitespace not allowed                               no-irregular-whitespace
  298:3   warning  Irregular whitespace not allowed                               no-irregular-whitespace
  299:1   warning  Irregular whitespace not allowed                               no-irregular-whitespace
  299:3   warning  Irregular whitespace not allowed                               no-irregular-whitespace
  301:1   warning  Irregular whitespace not allowed                               no-irregular-whitespace
  301:3   warning  Irregular whitespace not allowed                               no-irregular-whitespace
  302:1   warning  Irregular whitespace not allowed                               no-irregular-whitespace
  302:3   warning  Irregular whitespace not allowed                               no-irregular-whitespace
  303:1   warning  Irregular whitespace not allowed                               no-irregular-whitespace
  303:3   warning  Irregular whitespace not allowed                               no-irregular-whitespace
  303:5   warning  Irregular whitespace not allowed                               no-irregular-whitespace
  303:7   warning  Irregular whitespace not allowed                               no-irregular-whitespace
  304:1   warning  Irregular whitespace not allowed                               no-irregular-whitespace
  304:3   warning  Irregular whitespace not allowed                               no-irregular-whitespace
  305:1   warning  Irregular whitespace not allowed                               no-irregular-whitespace
  305:3   warning  Irregular whitespace not allowed                               no-irregular-whitespace
  305:5   warning  Irregular whitespace not allowed                               no-irregular-whitespace
  305:7   warning  Irregular whitespace not allowed                               no-irregular-whitespace
  306:1   warning  Irregular whitespace not allowed                               no-irregular-whitespace
  306:3   warning  Irregular whitespace not allowed                               no-irregular-whitespace
  306:5   warning  Irregular whitespace not allowed                               no-irregular-whitespace
  306:7   warning  Irregular whitespace not allowed                               no-irregular-whitespace
  307:1   warning  Irregular whitespace not allowed                               no-irregular-whitespace
  307:3   warning  Irregular whitespace not allowed                               no-irregular-whitespace
  307:5   warning  Irregular whitespace not allowed                               no-irregular-whitespace
  307:7   warning  Irregular whitespace not allowed                               no-irregular-whitespace
  308:1   warning  Irregular whitespace not allowed                               no-irregular-whitespace
  308:3   warning  Irregular whitespace not allowed                               no-irregular-whitespace
  308:5   warning  Irregular whitespace not allowed                               no-irregular-whitespace
  308:7   warning  Irregular whitespace not allowed                               no-irregular-whitespace
  308:9   warning  Irregular whitespace not allowed                               no-irregular-whitespace
  308:11  warning  Irregular whitespace not allowed                               no-irregular-whitespace
  309:1   warning  Irregular whitespace not allowed                               no-irregular-whitespace
  309:3   warning  Irregular whitespace not allowed                               no-irregular-whitespace
  309:5   warning  Irregular whitespace not allowed                               no-irregular-whitespace
  309:7   warning  Irregular whitespace not allowed                               no-irregular-whitespace
  309:9   warning  Irregular whitespace not allowed                               no-irregular-whitespace
  309:11  warning  Irregular whitespace not allowed                               no-irregular-whitespace
  310:1   warning  Irregular whitespace not allowed                               no-irregular-whitespace
  310:3   warning  Irregular whitespace not allowed                               no-irregular-whitespace
  310:5   warning  Irregular whitespace not allowed                               no-irregular-whitespace
  310:7   warning  Irregular whitespace not allowed                               no-irregular-whitespace
  311:1   warning  Irregular whitespace not allowed                               no-irregular-whitespace
  311:3   warning  Irregular whitespace not allowed                               no-irregular-whitespace
  313:1   warning  Irregular whitespace not allowed                               no-irregular-whitespace
  313:3   warning  Irregular whitespace not allowed                               no-irregular-whitespace
  314:1   warning  Irregular whitespace not allowed                               no-irregular-whitespace
  314:3   warning  Irregular whitespace not allowed                               no-irregular-whitespace
  315:1   warning  Irregular whitespace not allowed                               no-irregular-whitespace
  315:3   warning  Irregular whitespace not allowed                               no-irregular-whitespace
  316:1   warning  Irregular whitespace not allowed                               no-irregular-whitespace
  316:3   warning  Irregular whitespace not allowed                               no-irregular-whitespace
  318:1   warning  Irregular whitespace not allowed                               no-irregular-whitespace
  318:3   warning  Irregular whitespace not allowed                               no-irregular-whitespace
  323:1   warning  Irregular whitespace not allowed                               no-irregular-whitespace
  323:3   warning  Irregular whitespace not allowed                               no-irregular-whitespace
  324:1   warning  Irregular whitespace not allowed                               no-irregular-whitespace
  324:3   warning  Irregular whitespace not allowed                               no-irregular-whitespace
  325:1   warning  Irregular whitespace not allowed                               no-irregular-whitespace
  325:3   warning  Irregular whitespace not allowed                               no-irregular-whitespace
  326:1   warning  Irregular whitespace not allowed                               no-irregular-whitespace
  326:3   warning  Irregular whitespace not allowed                               no-irregular-whitespace
  327:1   warning  Irregular whitespace not allowed                               no-irregular-whitespace
  327:3   warning  Irregular whitespace not allowed                               no-irregular-whitespace
  329:1   warning  Irregular whitespace not allowed                               no-irregular-whitespace
  329:3   warning  Irregular whitespace not allowed                               no-irregular-whitespace
  330:1   warning  Irregular whitespace not allowed                               no-irregular-whitespace
  330:3   warning  Irregular whitespace not allowed                               no-irregular-whitespace
  330:5   warning  Irregular whitespace not allowed                               no-irregular-whitespace
  330:7   warning  Irregular whitespace not allowed                               no-irregular-whitespace
  332:1   warning  Irregular whitespace not allowed                               no-irregular-whitespace
  332:3   warning  Irregular whitespace not allowed                               no-irregular-whitespace
  332:5   warning  Irregular whitespace not allowed                               no-irregular-whitespace
  332:7   warning  Irregular whitespace not allowed                               no-irregular-whitespace
  333:1   warning  Irregular whitespace not allowed                               no-irregular-whitespace
  333:3   warning  Irregular whitespace not allowed                               no-irregular-whitespace
  333:5   warning  Irregular whitespace not allowed                               no-irregular-whitespace
  333:7   warning  Irregular whitespace not allowed                               no-irregular-whitespace
  333:9   warning  Irregular whitespace not allowed                               no-irregular-whitespace
  333:11  warning  Irregular whitespace not allowed                               no-irregular-whitespace
  334:1   warning  Irregular whitespace not allowed                               no-irregular-whitespace
  334:3   warning  Irregular whitespace not allowed                               no-irregular-whitespace
  334:5   warning  Irregular whitespace not allowed                               no-irregular-whitespace
  334:7   warning  Irregular whitespace not allowed                               no-irregular-whitespace
  334:9   warning  Irregular whitespace not allowed                               no-irregular-whitespace
  334:11  warning  Irregular whitespace not allowed                               no-irregular-whitespace
  336:1   warning  Irregular whitespace not allowed                               no-irregular-whitespace
  336:3   warning  Irregular whitespace not allowed                               no-irregular-whitespace
  336:5   warning  Irregular whitespace not allowed                               no-irregular-whitespace
  336:7   warning  Irregular whitespace not allowed                               no-irregular-whitespace
  336:9   warning  Irregular whitespace not allowed                               no-irregular-whitespace
  336:11  warning  Irregular whitespace not allowed                               no-irregular-whitespace
  337:1   warning  Irregular whitespace not allowed                               no-irregular-whitespace
  337:3   warning  Irregular whitespace not allowed                               no-irregular-whitespace
  337:5   warning  Irregular whitespace not allowed                               no-irregular-whitespace
  337:7   warning  Irregular whitespace not allowed                               no-irregular-whitespace
  337:9   warning  Irregular whitespace not allowed                               no-irregular-whitespace
  337:11  warning  Irregular whitespace not allowed                               no-irregular-whitespace
  339:1   warning  Irregular whitespace not allowed                               no-irregular-whitespace
  339:3   warning  Irregular whitespace not allowed                               no-irregular-whitespace
  339:5   warning  Irregular whitespace not allowed                               no-irregular-whitespace
  339:7   warning  Irregular whitespace not allowed                               no-irregular-whitespace
  339:9   warning  Irregular whitespace not allowed                               no-irregular-whitespace
  339:11  warning  Irregular whitespace not allowed                               no-irregular-whitespace
  340:1   warning  Irregular whitespace not allowed                               no-irregular-whitespace
  340:3   warning  Irregular whitespace not allowed                               no-irregular-whitespace
  340:5   warning  Irregular whitespace not allowed                               no-irregular-whitespace
  340:7   warning  Irregular whitespace not allowed                               no-irregular-whitespace
  340:9   warning  Irregular whitespace not allowed                               no-irregular-whitespace
  340:11  warning  Irregular whitespace not allowed                               no-irregular-whitespace
  340:13  warning  Irregular whitespace not allowed                               no-irregular-whitespace
  340:15  warning  Irregular whitespace not allowed                               no-irregular-whitespace
  341:1   warning  Irregular whitespace not allowed                               no-irregular-whitespace
  341:3   warning  Irregular whitespace not allowed                               no-irregular-whitespace
  341:5   warning  Irregular whitespace not allowed                               no-irregular-whitespace
  341:7   warning  Irregular whitespace not allowed                               no-irregular-whitespace
  341:9   warning  Irregular whitespace not allowed                               no-irregular-whitespace
  341:11  warning  Irregular whitespace not allowed                               no-irregular-whitespace
  341:13  warning  Irregular whitespace not allowed                               no-irregular-whitespace
  341:15  warning  Irregular whitespace not allowed                               no-irregular-whitespace
  342:1   warning  Irregular whitespace not allowed                               no-irregular-whitespace
  342:3   warning  Irregular whitespace not allowed                               no-irregular-whitespace
  342:5   warning  Irregular whitespace not allowed                               no-irregular-whitespace
  342:7   warning  Irregular whitespace not allowed                               no-irregular-whitespace
  342:9   warning  Irregular whitespace not allowed                               no-irregular-whitespace
  342:11  warning  Irregular whitespace not allowed                               no-irregular-whitespace
  342:13  warning  Irregular whitespace not allowed                               no-irregular-whitespace
  342:15  warning  Irregular whitespace not allowed                               no-irregular-whitespace
  343:1   warning  Irregular whitespace not allowed                               no-irregular-whitespace
  343:3   warning  Irregular whitespace not allowed                               no-irregular-whitespace
  343:5   warning  Irregular whitespace not allowed                               no-irregular-whitespace
  343:7   warning  Irregular whitespace not allowed                               no-irregular-whitespace
  343:9   warning  Irregular whitespace not allowed                               no-irregular-whitespace
  343:11  warning  Irregular whitespace not allowed                               no-irregular-whitespace
  344:1   warning  Irregular whitespace not allowed                               no-irregular-whitespace
  344:3   warning  Irregular whitespace not allowed                               no-irregular-whitespace
  344:5   warning  Irregular whitespace not allowed                               no-irregular-whitespace
  344:7   warning  Irregular whitespace not allowed                               no-irregular-whitespace
  344:9   warning  Irregular whitespace not allowed                               no-irregular-whitespace
  344:11  warning  Irregular whitespace not allowed                               no-irregular-whitespace
  344:13  warning  Irregular whitespace not allowed                               no-irregular-whitespace
  344:15  warning  Irregular whitespace not allowed                               no-irregular-whitespace
  345:1   warning  Irregular whitespace not allowed                               no-irregular-whitespace
  345:3   warning  Irregular whitespace not allowed                               no-irregular-whitespace
  345:5   warning  Irregular whitespace not allowed                               no-irregular-whitespace
  345:7   warning  Irregular whitespace not allowed                               no-irregular-whitespace
  345:9   warning  Irregular whitespace not allowed                               no-irregular-whitespace
  345:11  warning  Irregular whitespace not allowed                               no-irregular-whitespace
  345:13  warning  Irregular whitespace not allowed                               no-irregular-whitespace
  345:15  warning  Irregular whitespace not allowed                               no-irregular-whitespace
  345:17  warning  Irregular whitespace not allowed                               no-irregular-whitespace
  345:19  warning  Irregular whitespace not allowed                               no-irregular-whitespace
  346:1   warning  Irregular whitespace not allowed                               no-irregular-whitespace
  346:3   warning  Irregular whitespace not allowed                               no-irregular-whitespace
  346:5   warning  Irregular whitespace not allowed                               no-irregular-whitespace
  346:7   warning  Irregular whitespace not allowed                               no-irregular-whitespace
  346:9   warning  Irregular whitespace not allowed                               no-irregular-whitespace
  346:11  warning  Irregular whitespace not allowed                               no-irregular-whitespace
  346:13  warning  Irregular whitespace not allowed                               no-irregular-whitespace
  346:15  warning  Irregular whitespace not allowed                               no-irregular-whitespace
  346:17  warning  Irregular whitespace not allowed                               no-irregular-whitespace
  346:19  warning  Irregular whitespace not allowed                               no-irregular-whitespace
  347:1   warning  Irregular whitespace not allowed                               no-irregular-whitespace
  347:3   warning  Irregular whitespace not allowed                               no-irregular-whitespace
  347:5   warning  Irregular whitespace not allowed                               no-irregular-whitespace
  347:7   warning  Irregular whitespace not allowed                               no-irregular-whitespace
  347:9   warning  Irregular whitespace not allowed                               no-irregular-whitespace
  347:11  warning  Irregular whitespace not allowed                               no-irregular-whitespace
  347:13  warning  Irregular whitespace not allowed                               no-irregular-whitespace
  347:15  warning  Irregular whitespace not allowed                               no-irregular-whitespace
  348:1   warning  Irregular whitespace not allowed                               no-irregular-whitespace
  348:3   warning  Irregular whitespace not allowed                               no-irregular-whitespace
  348:5   warning  Irregular whitespace not allowed                               no-irregular-whitespace
  348:7   warning  Irregular whitespace not allowed                               no-irregular-whitespace
  348:9   warning  Irregular whitespace not allowed                               no-irregular-whitespace
  348:11  warning  Irregular whitespace not allowed                               no-irregular-whitespace
  348:13  warning  Irregular whitespace not allowed                               no-irregular-whitespace
  348:15  warning  Irregular whitespace not allowed                               no-irregular-whitespace
  348:17  warning  Irregular whitespace not allowed                               no-irregular-whitespace
  348:19  warning  Irregular whitespace not allowed                               no-irregular-whitespace
  349:1   warning  Irregular whitespace not allowed                               no-irregular-whitespace
  349:3   warning  Irregular whitespace not allowed                               no-irregular-whitespace
  349:5   warning  Irregular whitespace not allowed                               no-irregular-whitespace
  349:7   warning  Irregular whitespace not allowed                               no-irregular-whitespace
  349:9   warning  Irregular whitespace not allowed                               no-irregular-whitespace
  349:11  warning  Irregular whitespace not allowed                               no-irregular-whitespace
  349:13  warning  Irregular whitespace not allowed                               no-irregular-whitespace
  349:15  warning  Irregular whitespace not allowed                               no-irregular-whitespace
  350:1   warning  Irregular whitespace not allowed                               no-irregular-whitespace
  350:3   warning  Irregular whitespace not allowed                               no-irregular-whitespace
  350:5   warning  Irregular whitespace not allowed                               no-irregular-whitespace
  350:7   warning  Irregular whitespace not allowed                               no-irregular-whitespace
  350:9   warning  Irregular whitespace not allowed                               no-irregular-whitespace
  350:11  warning  Irregular whitespace not allowed                               no-irregular-whitespace
  351:1   warning  Irregular whitespace not allowed                               no-irregular-whitespace
  351:3   warning  Irregular whitespace not allowed                               no-irregular-whitespace
  351:5   warning  Irregular whitespace not allowed                               no-irregular-whitespace
  351:7   warning  Irregular whitespace not allowed                               no-irregular-whitespace
  352:1   warning  Irregular whitespace not allowed                               no-irregular-whitespace
  352:3   warning  Irregular whitespace not allowed                               no-irregular-whitespace
  353:1   warning  Irregular whitespace not allowed                               no-irregular-whitespace
  353:3   warning  Irregular whitespace not allowed                               no-irregular-whitespace
  354:1   warning  Irregular whitespace not allowed                               no-irregular-whitespace
  354:3   warning  Irregular whitespace not allowed                               no-irregular-whitespace
  354:5   warning  Irregular whitespace not allowed                               no-irregular-whitespace
  354:7   warning  Irregular whitespace not allowed                               no-irregular-whitespace
  355:1   warning  Irregular whitespace not allowed                               no-irregular-whitespace
  355:3   warning  Irregular whitespace not allowed                               no-irregular-whitespace
  355:5   warning  Irregular whitespace not allowed                               no-irregular-whitespace
  355:7   warning  Irregular whitespace not allowed                               no-irregular-whitespace
  356:1   warning  Irregular whitespace not allowed                               no-irregular-whitespace
  356:3   warning  Irregular whitespace not allowed                               no-irregular-whitespace
  356:5   warning  Irregular whitespace not allowed                               no-irregular-whitespace
  356:7   warning  Irregular whitespace not allowed                               no-irregular-whitespace
  357:1   warning  Irregular whitespace not allowed                               no-irregular-whitespace
  357:3   warning  Irregular whitespace not allowed                               no-irregular-whitespace
  357:5   warning  Irregular whitespace not allowed                               no-irregular-whitespace
  357:7   warning  Irregular whitespace not allowed                               no-irregular-whitespace
  358:1   warning  Irregular whitespace not allowed                               no-irregular-whitespace
  358:3   warning  Irregular whitespace not allowed                               no-irregular-whitespace
  358:5   warning  Irregular whitespace not allowed                               no-irregular-whitespace
  358:7   warning  Irregular whitespace not allowed                               no-irregular-whitespace
  359:1   warning  Irregular whitespace not allowed                               no-irregular-whitespace
  359:3   warning  Irregular whitespace not allowed                               no-irregular-whitespace
  363:1   warning  Irregular whitespace not allowed                               no-irregular-whitespace
  363:3   warning  Irregular whitespace not allowed                               no-irregular-whitespace
  363:37  warning  Irregular whitespace not allowed                               no-irregular-whitespace
  363:39  warning  Irregular whitespace not allowed                               no-irregular-whitespace
  364:1   warning  Irregular whitespace not allowed                               no-irregular-whitespace
  364:3   warning  Irregular whitespace not allowed                               no-irregular-whitespace
  364:39  warning  Irregular whitespace not allowed                               no-irregular-whitespace
  365:1   warning  Irregular whitespace not allowed                               no-irregular-whitespace
  365:3   warning  Irregular whitespace not allowed                               no-irregular-whitespace
  366:1   warning  Irregular whitespace not allowed                               no-irregular-whitespace
  366:3   warning  Irregular whitespace not allowed                               no-irregular-whitespace
  366:46  warning  Irregular whitespace not allowed                               no-irregular-whitespace
  366:48  warning  Irregular whitespace not allowed                               no-irregular-whitespace
  366:50  warning  Irregular whitespace not allowed                               no-irregular-whitespace
  366:52  warning  Irregular whitespace not allowed                               no-irregular-whitespace
  367:1   warning  Irregular whitespace not allowed                               no-irregular-whitespace
  367:3   warning  Irregular whitespace not allowed                               no-irregular-whitespace
  368:1   warning  Irregular whitespace not allowed                               no-irregular-whitespace
  368:3   warning  Irregular whitespace not allowed                               no-irregular-whitespace
  368:52  warning  Irregular whitespace not allowed                               no-irregular-whitespace
  368:54  warning  Irregular whitespace not allowed                               no-irregular-whitespace
  370:1   warning  Irregular whitespace not allowed                               no-irregular-whitespace
  370:3   warning  Irregular whitespace not allowed                               no-irregular-whitespace
  371:1   warning  Irregular whitespace not allowed                               no-irregular-whitespace
  371:3   warning  Irregular whitespace not allowed                               no-irregular-whitespace
  372:1   warning  Irregular whitespace not allowed                               no-irregular-whitespace
  372:3   warning  Irregular whitespace not allowed                               no-irregular-whitespace
  373:1   warning  Irregular whitespace not allowed                               no-irregular-whitespace
  373:3   warning  Irregular whitespace not allowed                               no-irregular-whitespace
  373:5   warning  Irregular whitespace not allowed                               no-irregular-whitespace
  373:7   warning  Irregular whitespace not allowed                               no-irregular-whitespace
  374:1   warning  Irregular whitespace not allowed                               no-irregular-whitespace
  374:3   warning  Irregular whitespace not allowed                               no-irregular-whitespace
  374:5   warning  Irregular whitespace not allowed                               no-irregular-whitespace
  374:7   warning  Irregular whitespace not allowed                               no-irregular-whitespace
  375:1   warning  Irregular whitespace not allowed                               no-irregular-whitespace
  375:3   warning  Irregular whitespace not allowed                               no-irregular-whitespace
  375:5   warning  Irregular whitespace not allowed                               no-irregular-whitespace
  375:7   warning  Irregular whitespace not allowed                               no-irregular-whitespace
  376:1   warning  Irregular whitespace not allowed                               no-irregular-whitespace
  376:3   warning  Irregular whitespace not allowed                               no-irregular-whitespace
  376:5   warning  Irregular whitespace not allowed                               no-irregular-whitespace
  376:7   warning  Irregular whitespace not allowed                               no-irregular-whitespace
  377:1   warning  Irregular whitespace not allowed                               no-irregular-whitespace
  377:3   warning  Irregular whitespace not allowed                               no-irregular-whitespace
  378:1   warning  Irregular whitespace not allowed                               no-irregular-whitespace
  378:3   warning  Irregular whitespace not allowed                               no-irregular-whitespace
  378:5   warning  Irregular whitespace not allowed                               no-irregular-whitespace
  378:7   warning  Irregular whitespace not allowed                               no-irregular-whitespace
  379:1   warning  Irregular whitespace not allowed                               no-irregular-whitespace
  379:3   warning  Irregular whitespace not allowed                               no-irregular-whitespace
  379:5   warning  Irregular whitespace not allowed                               no-irregular-whitespace
  379:7   warning  Irregular whitespace not allowed                               no-irregular-whitespace
  380:1   warning  Irregular whitespace not allowed                               no-irregular-whitespace
  380:3   warning  Irregular whitespace not allowed                               no-irregular-whitespace
  380:5   warning  Irregular whitespace not allowed                               no-irregular-whitespace
  380:7   warning  Irregular whitespace not allowed                               no-irregular-whitespace
  381:1   warning  Irregular whitespace not allowed                               no-irregular-whitespace
  381:3   warning  Irregular whitespace not allowed                               no-irregular-whitespace
  381:5   warning  Irregular whitespace not allowed                               no-irregular-whitespace
  381:7   warning  Irregular whitespace not allowed                               no-irregular-whitespace
  382:1   warning  Irregular whitespace not allowed                               no-irregular-whitespace
  382:3   warning  Irregular whitespace not allowed                               no-irregular-whitespace
  383:1   warning  Irregular whitespace not allowed                               no-irregular-whitespace
  383:3   warning  Irregular whitespace not allowed                               no-irregular-whitespace
  388:1   warning  Irregular whitespace not allowed                               no-irregular-whitespace
  389:1   warning  Irregular whitespace not allowed                               no-irregular-whitespace
  391:1   warning  Irregular whitespace not allowed                               no-irregular-whitespace
  392:1   warning  Irregular whitespace not allowed                               no-irregular-whitespace
  393:1   warning  Irregular whitespace not allowed                               no-irregular-whitespace
  395:1   warning  Irregular whitespace not allowed                               no-irregular-whitespace
  396:1   warning  Irregular whitespace not allowed                               no-irregular-whitespace
  396:3   warning  Irregular whitespace not allowed                               no-irregular-whitespace
  397:1   warning  Irregular whitespace not allowed                               no-irregular-whitespace
  397:3   warning  Irregular whitespace not allowed                               no-irregular-whitespace
  398:1   warning  Irregular whitespace not allowed                               no-irregular-whitespace
  398:3   warning  Irregular whitespace not allowed                               no-irregular-whitespace
  399:1   warning  Irregular whitespace not allowed                               no-irregular-whitespace
  400:1   warning  Irregular whitespace not allowed                               no-irregular-whitespace
  401:1   warning  Irregular whitespace not allowed                               no-irregular-whitespace
  402:1   warning  Irregular whitespace not allowed                               no-irregular-whitespace
  402:3   warning  Irregular whitespace not allowed                               no-irregular-whitespace
  403:1   warning  Irregular whitespace not allowed                               no-irregular-whitespace
  403:3   warning  Irregular whitespace not allowed                               no-irregular-whitespace
  404:1   warning  Irregular whitespace not allowed                               no-irregular-whitespace
  404:3   warning  Irregular whitespace not allowed                               no-irregular-whitespace
  405:1   warning  Irregular whitespace not allowed                               no-irregular-whitespace
  405:3   warning  Irregular whitespace not allowed                               no-irregular-whitespace
  406:1   warning  Irregular whitespace not allowed                               no-irregular-whitespace
  408:1   warning  Irregular whitespace not allowed                               no-irregular-whitespace
  409:1   warning  Irregular whitespace not allowed                               no-irregular-whitespace
  410:1   warning  Irregular whitespace not allowed                               no-irregular-whitespace
  412:1   warning  Irregular whitespace not allowed                               no-irregular-whitespace
  413:1   warning  Irregular whitespace not allowed                               no-irregular-whitespace
  414:1   warning  Irregular whitespace not allowed                               no-irregular-whitespace
  416:1   warning  Irregular whitespace not allowed                               no-irregular-whitespace
  417:1   warning  Irregular whitespace not allowed                               no-irregular-whitespace
  419:1   warning  Irregular whitespace not allowed                               no-irregular-whitespace
  420:1   warning  Irregular whitespace not allowed                               no-irregular-whitespace
  421:1   warning  Irregular whitespace not allowed                               no-irregular-whitespace
  422:1   warning  Irregular whitespace not allowed                               no-irregular-whitespace
  423:1   warning  Irregular whitespace not allowed                               no-irregular-whitespace
  424:1   warning  Irregular whitespace not allowed                               no-irregular-whitespace
  425:1   warning  Irregular whitespace not allowed                               no-irregular-whitespace
  426:1   warning  Irregular whitespace not allowed                               no-irregular-whitespace
  427:1   warning  Irregular whitespace not allowed                               no-irregular-whitespace
  428:1   warning  Irregular whitespace not allowed                               no-irregular-whitespace
  429:1   warning  Irregular whitespace not allowed                               no-irregular-whitespace
  430:1   warning  Irregular whitespace not allowed                               no-irregular-whitespace
  431:1   warning  Irregular whitespace not allowed                               no-irregular-whitespace
  432:1   warning  Irregular whitespace not allowed                               no-irregular-whitespace
  433:1   warning  Irregular whitespace not allowed                               no-irregular-whitespace
  434:1   warning  Irregular whitespace not allowed                               no-irregular-whitespace
  435:1   warning  Irregular whitespace not allowed                               no-irregular-whitespace
  436:1   warning  Irregular whitespace not allowed                               no-irregular-whitespace
  437:1   warning  Irregular whitespace not allowed                               no-irregular-whitespace
  437:3   warning  Irregular whitespace not allowed                               no-irregular-whitespace
  437:5   warning  Irregular whitespace not allowed                               no-irregular-whitespace
  438:1   warning  Irregular whitespace not allowed                               no-irregular-whitespace
  438:3   warning  Irregular whitespace not allowed                               no-irregular-whitespace
  438:5   warning  Irregular whitespace not allowed                               no-irregular-whitespace
  439:1   warning  Irregular whitespace not allowed                               no-irregular-whitespace
  439:3   warning  Irregular whitespace not allowed                               no-irregular-whitespace
  439:5   warning  Irregular whitespace not allowed                               no-irregular-whitespace
  440:1   warning  Irregular whitespace not allowed                               no-irregular-whitespace
  441:1   warning  Irregular whitespace not allowed                               no-irregular-whitespace
  442:1   warning  Irregular whitespace not allowed                               no-irregular-whitespace
  444:1   warning  Irregular whitespace not allowed                               no-irregular-whitespace
  445:1   warning  Irregular whitespace not allowed                               no-irregular-whitespace
  449:1   warning  Irregular whitespace not allowed                               no-irregular-whitespace
  450:1   warning  Irregular whitespace not allowed                               no-irregular-whitespace
  451:1   warning  Irregular whitespace not allowed                               no-irregular-whitespace
  453:1   warning  Irregular whitespace not allowed                               no-irregular-whitespace
  454:1   warning  Irregular whitespace not allowed                               no-irregular-whitespace
  455:1   warning  Irregular whitespace not allowed                               no-irregular-whitespace
  456:1   warning  Irregular whitespace not allowed                               no-irregular-whitespace
  456:3   warning  Irregular whitespace not allowed                               no-irregular-whitespace
  457:1   warning  Irregular whitespace not allowed                               no-irregular-whitespace
  457:3   warning  Irregular whitespace not allowed                               no-irregular-whitespace
  458:1   warning  Irregular whitespace not allowed                               no-irregular-whitespace
  460:1   warning  Irregular whitespace not allowed                               no-irregular-whitespace
  461:1   warning  Irregular whitespace not allowed                               no-irregular-whitespace
  463:1   warning  Irregular whitespace not allowed                               no-irregular-whitespace
  464:1   warning  Irregular whitespace not allowed                               no-irregular-whitespace
  464:3   warning  Irregular whitespace not allowed                               no-irregular-whitespace
  464:5   warning  Irregular whitespace not allowed                               no-irregular-whitespace
  465:1   warning  Irregular whitespace not allowed                               no-irregular-whitespace
  465:3   warning  Irregular whitespace not allowed                               no-irregular-whitespace
  465:5   warning  Irregular whitespace not allowed                               no-irregular-whitespace
  466:1   warning  Irregular whitespace not allowed                               no-irregular-whitespace
  466:3   warning  Irregular whitespace not allowed                               no-irregular-whitespace
  466:5   warning  Irregular whitespace not allowed                               no-irregular-whitespace
  467:1   warning  Irregular whitespace not allowed                               no-irregular-whitespace
  467:3   warning  Irregular whitespace not allowed                               no-irregular-whitespace
  467:5   warning  Irregular whitespace not allowed                               no-irregular-whitespace
  468:1   warning  Irregular whitespace not allowed                               no-irregular-whitespace
  468:3   warning  Irregular whitespace not allowed                               no-irregular-whitespace
  468:5   warning  Irregular whitespace not allowed                               no-irregular-whitespace
  469:1   warning  Irregular whitespace not allowed                               no-irregular-whitespace
  471:1   warning  Irregular whitespace not allowed                               no-irregular-whitespace
  472:1   warning  Irregular whitespace not allowed                               no-irregular-whitespace
  473:1   warning  Irregular whitespace not allowed                               no-irregular-whitespace
  473:3   warning  Irregular whitespace not allowed                               no-irregular-whitespace
  474:1   warning  Irregular whitespace not allowed                               no-irregular-whitespace
  478:1   warning  Irregular whitespace not allowed                               no-irregular-whitespace
  479:1   warning  Irregular whitespace not allowed                               no-irregular-whitespace
  480:1   warning  Irregular whitespace not allowed                               no-irregular-whitespace
  481:1   warning  Irregular whitespace not allowed                               no-irregular-whitespace
  482:1   warning  Irregular whitespace not allowed                               no-irregular-whitespace
  483:1   warning  Irregular whitespace not allowed                               no-irregular-whitespace
  484:1   warning  Irregular whitespace not allowed                               no-irregular-whitespace
  486:1   warning  Irregular whitespace not allowed                               no-irregular-whitespace
  487:1   warning  Irregular whitespace not allowed                               no-irregular-whitespace
  487:3   warning  Irregular whitespace not allowed                               no-irregular-whitespace
  488:1   warning  Irregular whitespace not allowed                               no-irregular-whitespace
  488:3   warning  Irregular whitespace not allowed                               no-irregular-whitespace
  488:5   warning  Irregular whitespace not allowed                               no-irregular-whitespace
  489:1   warning  Irregular whitespace not allowed                               no-irregular-whitespace
  489:3   warning  Irregular whitespace not allowed                               no-irregular-whitespace
  489:5   warning  Irregular whitespace not allowed                               no-irregular-whitespace
  490:1   warning  Irregular whitespace not allowed                               no-irregular-whitespace
  490:3   warning  Irregular whitespace not allowed                               no-irregular-whitespace
  491:1   warning  Irregular whitespace not allowed                               no-irregular-whitespace
  493:1   warning  Irregular whitespace not allowed                               no-irregular-whitespace
  494:1   warning  Irregular whitespace not allowed                               no-irregular-whitespace
  494:3   warning  Irregular whitespace not allowed                               no-irregular-whitespace
  495:1   warning  Irregular whitespace not allowed                               no-irregular-whitespace
  495:3   warning  Irregular whitespace not allowed                               no-irregular-whitespace
  497:1   warning  Irregular whitespace not allowed                               no-irregular-whitespace
  497:3   warning  Irregular whitespace not allowed                               no-irregular-whitespace
  498:1   warning  Irregular whitespace not allowed                               no-irregular-whitespace
  498:3   warning  Irregular whitespace not allowed                               no-irregular-whitespace
  499:1   warning  Irregular whitespace not allowed                               no-irregular-whitespace
  499:3   warning  Irregular whitespace not allowed                               no-irregular-whitespace
  500:1   warning  Irregular whitespace not allowed                               no-irregular-whitespace
  500:3   warning  Irregular whitespace not allowed                               no-irregular-whitespace
  501:1   warning  Irregular whitespace not allowed                               no-irregular-whitespace
  501:3   warning  Irregular whitespace not allowed                               no-irregular-whitespace
  502:1   warning  Irregular whitespace not allowed                               no-irregular-whitespace
  502:3   warning  Irregular whitespace not allowed                               no-irregular-whitespace
  503:1   warning  Irregular whitespace not allowed                               no-irregular-whitespace
  503:3   warning  Irregular whitespace not allowed                               no-irregular-whitespace
  503:5   warning  Irregular whitespace not allowed                               no-irregular-whitespace
  503:7   warning  Irregular whitespace not allowed                               no-irregular-whitespace
  504:1   warning  Irregular whitespace not allowed                               no-irregular-whitespace
  504:3   warning  Irregular whitespace not allowed                               no-irregular-whitespace
  505:1   warning  Irregular whitespace not allowed                               no-irregular-whitespace
  505:3   warning  Irregular whitespace not allowed                               no-irregular-whitespace
  505:5   warning  Irregular whitespace not allowed                               no-irregular-whitespace
  506:1   warning  Irregular whitespace not allowed                               no-irregular-whitespace
  506:3   warning  Irregular whitespace not allowed                               no-irregular-whitespace
  506:5   warning  Irregular whitespace not allowed                               no-irregular-whitespace
  507:1   warning  Irregular whitespace not allowed                               no-irregular-whitespace
  507:3   warning  Irregular whitespace not allowed                               no-irregular-whitespace
  507:5   warning  Irregular whitespace not allowed                               no-irregular-whitespace
  508:1   warning  Irregular whitespace not allowed                               no-irregular-whitespace
  508:3   warning  Irregular whitespace not allowed                               no-irregular-whitespace
  508:5   warning  Irregular whitespace not allowed                               no-irregular-whitespace
  509:1   warning  Irregular whitespace not allowed                               no-irregular-whitespace
  509:3   warning  Irregular whitespace not allowed                               no-irregular-whitespace
  510:1   warning  Irregular whitespace not allowed                               no-irregular-whitespace
  511:1   warning  Irregular whitespace not allowed                               no-irregular-whitespace
  512:1   warning  Irregular whitespace not allowed                               no-irregular-whitespace
  513:1   warning  Irregular whitespace not allowed                               no-irregular-whitespace
  514:1   warning  Irregular whitespace not allowed                               no-irregular-whitespace
  515:1   warning  Irregular whitespace not allowed                               no-irregular-whitespace
  516:1   warning  Irregular whitespace not allowed                               no-irregular-whitespace
  517:1   warning  Irregular whitespace not allowed                               no-irregular-whitespace
  518:1   warning  Irregular whitespace not allowed                               no-irregular-whitespace
  520:1   warning  Irregular whitespace not allowed                               no-irregular-whitespace
  521:1   warning  Irregular whitespace not allowed                               no-irregular-whitespace
  521:3   warning  Irregular whitespace not allowed                               no-irregular-whitespace
  522:1   warning  Irregular whitespace not allowed                               no-irregular-whitespace
  522:3   warning  Irregular whitespace not allowed                               no-irregular-whitespace
  523:1   warning  Irregular whitespace not allowed                               no-irregular-whitespace
  523:3   warning  Irregular whitespace not allowed                               no-irregular-whitespace
  524:1   warning  Irregular whitespace not allowed                               no-irregular-whitespace
  524:3   warning  Irregular whitespace not allowed                               no-irregular-whitespace
  525:1   warning  Irregular whitespace not allowed                               no-irregular-whitespace
  525:3   warning  Irregular whitespace not allowed                               no-irregular-whitespace
  526:1   warning  Irregular whitespace not allowed                               no-irregular-whitespace
  530:1   warning  Irregular whitespace not allowed                               no-irregular-whitespace
  531:1   warning  Irregular whitespace not allowed                               no-irregular-whitespace
  532:1   warning  Irregular whitespace not allowed                               no-irregular-whitespace
  533:4   warning  Irregular whitespace not allowed                               no-irregular-whitespace
  534:1   warning  Irregular whitespace not allowed                               no-irregular-whitespace
  535:1   warning  Irregular whitespace not allowed                               no-irregular-whitespace
  536:1   warning  Irregular whitespace not allowed                               no-irregular-whitespace
  537:1   warning  Irregular whitespace not allowed                               no-irregular-whitespace
  538:1   warning  Irregular whitespace not allowed                               no-irregular-whitespace
  539:1   warning  Irregular whitespace not allowed                               no-irregular-whitespace
  540:1   warning  Irregular whitespace not allowed                               no-irregular-whitespace
  541:1   warning  Irregular whitespace not allowed                               no-irregular-whitespace
  542:1   warning  Irregular whitespace not allowed                               no-irregular-whitespace
  543:1   warning  Irregular whitespace not allowed                               no-irregular-whitespace
  544:1   warning  Irregular whitespace not allowed                               no-irregular-whitespace
  545:1   warning  Irregular whitespace not allowed                               no-irregular-whitespace
  546:1   warning  Irregular whitespace not allowed                               no-irregular-whitespace
  547:1   warning  Irregular whitespace not allowed                               no-irregular-whitespace
  548:1   warning  Irregular whitespace not allowed                               no-irregular-whitespace
  549:1   warning  Irregular whitespace not allowed                               no-irregular-whitespace
  550:1   warning  Irregular whitespace not allowed                               no-irregular-whitespace
  580:1   warning  Irregular whitespace not allowed                               no-irregular-whitespace
  580:3   warning  Irregular whitespace not allowed                               no-irregular-whitespace
  581:1   warning  Irregular whitespace not allowed                               no-irregular-whitespace
  581:3   warning  Irregular whitespace not allowed                               no-irregular-whitespace
  582:1   warning  Irregular whitespace not allowed                               no-irregular-whitespace
  582:3   warning  Irregular whitespace not allowed                               no-irregular-whitespace
  583:1   warning  Irregular whitespace not allowed                               no-irregular-whitespace
  583:3   warning  Irregular whitespace not allowed                               no-irregular-whitespace
  584:1   warning  Irregular whitespace not allowed                               no-irregular-whitespace
  584:3   warning  Irregular whitespace not allowed                               no-irregular-whitespace
  584:5   warning  Irregular whitespace not allowed                               no-irregular-whitespace
  584:7   warning  Irregular whitespace not allowed                               no-irregular-whitespace
  585:1   warning  Irregular whitespace not allowed                               no-irregular-whitespace
  585:3   warning  Irregular whitespace not allowed                               no-irregular-whitespace
  586:1   warning  Irregular whitespace not allowed                               no-irregular-whitespace
  586:3   warning  Irregular whitespace not allowed                               no-irregular-whitespace
  586:5   warning  Irregular whitespace not allowed                               no-irregular-whitespace
  586:7   warning  Irregular whitespace not allowed                               no-irregular-whitespace
  587:1   warning  Irregular whitespace not allowed                               no-irregular-whitespace
  587:3   warning  Irregular whitespace not allowed                               no-irregular-whitespace
  588:1   warning  Irregular whitespace not allowed                               no-irregular-whitespace
  588:3   warning  Irregular whitespace not allowed                               no-irregular-whitespace
  588:5   warning  Irregular whitespace not allowed                               no-irregular-whitespace
  588:7   warning  Irregular whitespace not allowed                               no-irregular-whitespace
  589:1   warning  Irregular whitespace not allowed                               no-irregular-whitespace
  589:3   warning  Irregular whitespace not allowed                               no-irregular-whitespace
  589:5   warning  Irregular whitespace not allowed                               no-irregular-whitespace
  589:7   warning  Irregular whitespace not allowed                               no-irregular-whitespace
  590:1   warning  Irregular whitespace not allowed                               no-irregular-whitespace
  590:3   warning  Irregular whitespace not allowed                               no-irregular-whitespace
  590:5   warning  Irregular whitespace not allowed                               no-irregular-whitespace
  590:7   warning  Irregular whitespace not allowed                               no-irregular-whitespace
  591:1   warning  Irregular whitespace not allowed                               no-irregular-whitespace
  591:3   warning  Irregular whitespace not allowed                               no-irregular-whitespace
  591:5   warning  Irregular whitespace not allowed                               no-irregular-whitespace
  591:7   warning  Irregular whitespace not allowed                               no-irregular-whitespace
  591:9   warning  Irregular whitespace not allowed                               no-irregular-whitespace
  591:11  warning  Irregular whitespace not allowed                               no-irregular-whitespace
  591:25  warning  Irregular whitespace not allowed                               no-irregular-whitespace
  592:1   warning  Irregular whitespace not allowed                               no-irregular-whitespace
  592:3   warning  Irregular whitespace not allowed                               no-irregular-whitespace
  592:5   warning  Irregular whitespace not allowed                               no-irregular-whitespace
  592:7   warning  Irregular whitespace not allowed                               no-irregular-whitespace
  592:9   warning  Irregular whitespace not allowed                               no-irregular-whitespace
  592:11  warning  Irregular whitespace not allowed                               no-irregular-whitespace
  592:25  warning  Irregular whitespace not allowed                               no-irregular-whitespace
  593:1   warning  Irregular whitespace not allowed                               no-irregular-whitespace
  593:3   warning  Irregular whitespace not allowed                               no-irregular-whitespace
  593:5   warning  Irregular whitespace not allowed                               no-irregular-whitespace
  593:7   warning  Irregular whitespace not allowed                               no-irregular-whitespace
  594:1   warning  Irregular whitespace not allowed                               no-irregular-whitespace
  594:3   warning  Irregular whitespace not allowed                               no-irregular-whitespace
  594:5   warning  Irregular whitespace not allowed                               no-irregular-whitespace
  594:7   warning  Irregular whitespace not allowed                               no-irregular-whitespace
  595:1   warning  Irregular whitespace not allowed                               no-irregular-whitespace
  595:3   warning  Irregular whitespace not allowed                               no-irregular-whitespace
  595:5   warning  Irregular whitespace not allowed                               no-irregular-whitespace
  595:7   warning  Irregular whitespace not allowed                               no-irregular-whitespace
  596:1   warning  Irregular whitespace not allowed                               no-irregular-whitespace
  596:3   warning  Irregular whitespace not allowed                               no-irregular-whitespace
  596:5   warning  Irregular whitespace not allowed                               no-irregular-whitespace
  596:7   warning  Irregular whitespace not allowed                               no-irregular-whitespace
  597:1   warning  Irregular whitespace not allowed                               no-irregular-whitespace
  597:3   warning  Irregular whitespace not allowed                               no-irregular-whitespace
  597:5   warning  Irregular whitespace not allowed                               no-irregular-whitespace
  597:7   warning  Irregular whitespace not allowed                               no-irregular-whitespace
  598:1   warning  Irregular whitespace not allowed                               no-irregular-whitespace
  598:3   warning  Irregular whitespace not allowed                               no-irregular-whitespace
  598:5   warning  Irregular whitespace not allowed                               no-irregular-whitespace
  598:7   warning  Irregular whitespace not allowed                               no-irregular-whitespace
  598:9   warning  Irregular whitespace not allowed                               no-irregular-whitespace
  598:11  warning  Irregular whitespace not allowed                               no-irregular-whitespace
  598:19  warning  'alpha' is assigned a value but never used                     no-unused-vars
  599:1   warning  Irregular whitespace not allowed                               no-irregular-whitespace
  599:3   warning  Irregular whitespace not allowed                               no-irregular-whitespace
  599:5   warning  Irregular whitespace not allowed                               no-irregular-whitespace
  599:7   warning  Irregular whitespace not allowed                               no-irregular-whitespace
  599:9   warning  Irregular whitespace not allowed                               no-irregular-whitespace
  599:11  warning  Irregular whitespace not allowed                               no-irregular-whitespace
  600:1   warning  Irregular whitespace not allowed                               no-irregular-whitespace
  600:3   warning  Irregular whitespace not allowed                               no-irregular-whitespace
  600:5   warning  Irregular whitespace not allowed                               no-irregular-whitespace
  600:7   warning  Irregular whitespace not allowed                               no-irregular-whitespace
  601:1   warning  Irregular whitespace not allowed                               no-irregular-whitespace
  601:3   warning  Irregular whitespace not allowed                               no-irregular-whitespace
  602:1   warning  Irregular whitespace not allowed                               no-irregular-whitespace
  602:3   warning  Irregular whitespace not allowed                               no-irregular-whitespace
  603:1   warning  Irregular whitespace not allowed                               no-irregular-whitespace
  603:3   warning  Irregular whitespace not allowed                               no-irregular-whitespace
  604:1   warning  Irregular whitespace not allowed                               no-irregular-whitespace
  604:3   warning  Irregular whitespace not allowed                               no-irregular-whitespace
  605:1   warning  Irregular whitespace not allowed                               no-irregular-whitespace
  605:3   warning  Irregular whitespace not allowed                               no-irregular-whitespace
  606:1   warning  Irregular whitespace not allowed                               no-irregular-whitespace
  606:3   warning  Irregular whitespace not allowed                               no-irregular-whitespace
  607:1   warning  Irregular whitespace not allowed                               no-irregular-whitespace
  607:3   warning  Irregular whitespace not allowed                               no-irregular-whitespace
  608:1   warning  Irregular whitespace not allowed                               no-irregular-whitespace
  608:3   warning  Irregular whitespace not allowed                               no-irregular-whitespace
  609:1   warning  Irregular whitespace not allowed                               no-irregular-whitespace
  609:3   warning  Irregular whitespace not allowed                               no-irregular-whitespace
  610:1   warning  Irregular whitespace not allowed                               no-irregular-whitespace
  610:3   warning  Irregular whitespace not allowed                               no-irregular-whitespace
  626:1   warning  Irregular whitespace not allowed                               no-irregular-whitespace
  627:1   warning  Irregular whitespace not allowed                               no-irregular-whitespace
  627:3   warning  Irregular whitespace not allowed                               no-irregular-whitespace
  628:1   warning  Irregular whitespace not allowed                               no-irregular-whitespace
  628:3   warning  Irregular whitespace not allowed                               no-irregular-whitespace
  628:5   warning  Irregular whitespace not allowed                               no-irregular-whitespace
  629:1   warning  Irregular whitespace not allowed                               no-irregular-whitespace
  629:3   warning  Irregular whitespace not allowed                               no-irregular-whitespace
  629:5   warning  Irregular whitespace not allowed                               no-irregular-whitespace
  630:1   warning  Irregular whitespace not allowed                               no-irregular-whitespace
  630:3   warning  Irregular whitespace not allowed                               no-irregular-whitespace
  631:1   warning  Irregular whitespace not allowed                               no-irregular-whitespace
  632:1   warning  Irregular whitespace not allowed                               no-irregular-whitespace
  636:1   warning  Irregular whitespace not allowed                               no-irregular-whitespace
  636:3   warning  Irregular whitespace not allowed                               no-irregular-whitespace
  637:1   warning  Irregular whitespace not allowed                               no-irregular-whitespace
  637:3   warning  Irregular whitespace not allowed                               no-irregular-whitespace
  638:1   warning  Irregular whitespace not allowed                               no-irregular-whitespace
  638:3   warning  Irregular whitespace not allowed                               no-irregular-whitespace
  639:1   warning  Irregular whitespace not allowed                               no-irregular-whitespace
  639:3   warning  Irregular whitespace not allowed                               no-irregular-whitespace
  640:1   warning  Irregular whitespace not allowed                               no-irregular-whitespace
  640:3   warning  Irregular whitespace not allowed                               no-irregular-whitespace
  641:1   warning  Irregular whitespace not allowed                               no-irregular-whitespace
  641:3   warning  Irregular whitespace not allowed                               no-irregular-whitespace
  644:10  warning  'randomObstacles' is defined but never used                    no-unused-vars
  717:1   warning  Irregular whitespace not allowed                               no-irregular-whitespace
  718:1   warning  Irregular whitespace not allowed                               no-irregular-whitespace
  719:1   warning  Irregular whitespace not allowed                               no-irregular-whitespace
  720:1   warning  Irregular whitespace not allowed                               no-irregular-whitespace
  720:23  warning  'Chart' is not defined                                         no-undef
  721:1   warning  Irregular whitespace not allowed                               no-irregular-whitespace
  721:3   warning  Irregular whitespace not allowed                               no-irregular-whitespace
  722:1   warning  Irregular whitespace not allowed                               no-irregular-whitespace
  722:3   warning  Irregular whitespace not allowed                               no-irregular-whitespace
  723:1   warning  Irregular whitespace not allowed                               no-irregular-whitespace
  723:3   warning  Irregular whitespace not allowed                               no-irregular-whitespace
  724:1   warning  Irregular whitespace not allowed                               no-irregular-whitespace
  724:3   warning  Irregular whitespace not allowed                               no-irregular-whitespace
  724:5   warning  Irregular whitespace not allowed                               no-irregular-whitespace
  725:1   warning  Irregular whitespace not allowed                               no-irregular-whitespace
  725:3   warning  Irregular whitespace not allowed                               no-irregular-whitespace
  725:5   warning  Irregular whitespace not allowed                               no-irregular-whitespace
  726:1   warning  Irregular whitespace not allowed                               no-irregular-whitespace
  726:3   warning  Irregular whitespace not allowed                               no-irregular-whitespace
  726:5   warning  Irregular whitespace not allowed                               no-irregular-whitespace
  727:1   warning  Irregular whitespace not allowed                               no-irregular-whitespace
  727:3   warning  Irregular whitespace not allowed                               no-irregular-whitespace
  728:1   warning  Irregular whitespace not allowed                               no-irregular-whitespace
  818:13  warning  Unexpected lexical declaration in case block                   no-case-declarations
  822:13  warning  Unexpected lexical declaration in case block                   no-case-declarations
  823:13  warning  Unexpected lexical declaration in case block                   no-case-declarations
  824:13  warning  Unexpected lexical declaration in case block                   no-case-declarations
  828:11  warning  Unexpected lexical declaration in case block                   no-case-declarations
  831:11  warning  Unexpected lexical declaration in case block                   no-case-declarations
  832:11  warning  Unexpected lexical declaration in case block                   no-case-declarations
  839:11  warning  Unexpected lexical declaration in case block                   no-case-declarations
  919:10  warning  'calculateCorrelation' is defined but never used               no-unused-vars
  920:1   warning  Irregular whitespace not allowed                               no-irregular-whitespace
  921:1   warning  Irregular whitespace not allowed                               no-irregular-whitespace
  922:1   warning  Irregular whitespace not allowed                               no-irregular-whitespace
  923:1   warning  Irregular whitespace not allowed                               no-irregular-whitespace
  924:1   warning  Irregular whitespace not allowed                               no-irregular-whitespace
  925:1   warning  Irregular whitespace not allowed                               no-irregular-whitespace
  926:1   warning  Irregular whitespace not allowed                               no-irregular-whitespace
  927:1   warning  Irregular whitespace not allowed                               no-irregular-whitespace
  928:1   warning  Irregular whitespace not allowed                               no-irregular-whitespace
  929:1   warning  Irregular whitespace not allowed                               no-irregular-whitespace
  933:1   warning  Irregular whitespace not allowed                               no-irregular-whitespace
  934:1   warning  Irregular whitespace not allowed                               no-irregular-whitespace
  935:1   warning  Irregular whitespace not allowed                               no-irregular-whitespace
  936:1   warning  Irregular whitespace not allowed                               no-irregular-whitespace
  937:1   warning  Irregular whitespace not allowed                               no-irregular-whitespace

✖ 907 problems (0 errors, 907 warnings)

